<?xml version="1.0" encoding="UTF-8"?>
<!-- Generated by org.testng.reporters.JUnitXMLReporter -->
<testsuite ignored="0" hostname="LAPTOP-0USLP61E" failures="0" tests="6" name="Test" time="0.055" errors="0" timestamp="2025-03-13T11:03:08 IST">
  <testcase classname="contact.CreateContact" name="createContact" time="0.007"/>
  <testcase classname="contact.DeleteContact" name="delContact" time="0.002"/>
  <testcase classname="contact.UpdateContact" name="updateContact" time="0.001"/>
  <testcase classname="organization.CreateOrg" name="createOrg" time="0.001"/>
  <testcase classname="organization.DeleteOrg" name="delOrg" time="0.002"/>
  <testcase classname="organization.UpdateOrg" name="updateOrg" time="0.0"/>
</testsuite> <!-- Test -->
