<?xml version="1.0" encoding="UTF-8"?>
<testng-results ignored="0" total="6" passed="6" failed="0" skipped="0">
  <reporter-output>
  </reporter-output>
  <suite started-at="2025-03-13T11:03:08 IST" name="Suite" finished-at="2025-03-13T11:03:08 IST" duration-ms="55">
    <groups>
    </groups>
    <test started-at="2025-03-13T11:03:08 IST" name="Test" finished-at="2025-03-13T11:03:08 IST" duration-ms="55">
      <class name="contact.UpdateContact">
        <test-method signature="updateContact()[pri:0, instance:contact.UpdateContact@45099dd3]" started-at="2025-03-13T11:03:08 IST" name="updateContact" finished-at="2025-03-13T11:03:08 IST" duration-ms="1" status="PASS">
          <reporter-output>
          </reporter-output>
        </test-method> <!-- updateContact -->
      </class> <!-- contact.UpdateContact -->
      <class name="organization.CreateOrg">
        <test-method signature="createOrg()[pri:0, instance:organization.CreateOrg@13e344d]" started-at="2025-03-13T11:03:08 IST" name="createOrg" finished-at="2025-03-13T11:03:08 IST" duration-ms="1" status="PASS">
          <reporter-output>
          </reporter-output>
        </test-method> <!-- createOrg -->
      </class> <!-- organization.CreateOrg -->
      <class name="organization.UpdateOrg">
        <test-method signature="updateOrg()[pri:0, instance:organization.UpdateOrg@6574a52c]" started-at="2025-03-13T11:03:08 IST" name="updateOrg" finished-at="2025-03-13T11:03:08 IST" duration-ms="0" status="PASS">
          <reporter-output>
          </reporter-output>
        </test-method> <!-- updateOrg -->
      </class> <!-- organization.UpdateOrg -->
      <class name="contact.DeleteContact">
        <test-method signature="delContact()[pri:0, instance:contact.DeleteContact@6340e5f0]" started-at="2025-03-13T11:03:08 IST" name="delContact" finished-at="2025-03-13T11:03:08 IST" duration-ms="2" status="PASS">
          <reporter-output>
          </reporter-output>
        </test-method> <!-- delContact -->
      </class> <!-- contact.DeleteContact -->
      <class name="contact.CreateContact">
        <test-method signature="createContact()[pri:0, instance:contact.CreateContact@25641d39]" started-at="2025-03-13T11:03:08 IST" name="createContact" finished-at="2025-03-13T11:03:08 IST" duration-ms="7" status="PASS">
          <reporter-output>
          </reporter-output>
        </test-method> <!-- createContact -->
      </class> <!-- contact.CreateContact -->
      <class name="organization.DeleteOrg">
        <test-method signature="delOrg()[pri:0, instance:organization.DeleteOrg@1ffaf86]" started-at="2025-03-13T11:03:08 IST" name="delOrg" finished-at="2025-03-13T11:03:08 IST" duration-ms="2" status="PASS">
          <reporter-output>
          </reporter-output>
        </test-method> <!-- delOrg -->
      </class> <!-- organization.DeleteOrg -->
    </test> <!-- Test -->
  </suite> <!-- Suite -->
</testng-results>
